<?xml version="1.0" encoding="UTF-8"?>
<!-- Generated by org.testng.reporters.JUnitReportReporter -->
<testsuite skipped="0" hostname="Arya-Jayananad" name="Main" tests="3" failures="0" timestamp="2023-07-14T19:14:40 IST" time="0.008" errors="0">
  <testcase name="testSteps" time="0.007" classname="Main"/>
  <system-out/>
  <testcase name="setup" time="0.001" classname="Main"/>
  <system-out/>
  <testcase name="tearDown" time="0.000" classname="Main"/>
  <system-out/>
</testsuite> <!-- Main -->
